<?xml version="1.0" encoding="UTF-8"?>
<testng-results ignored="0" total="1" passed="1" failed="0" skipped="0">
  <reporter-output>
  </reporter-output>
  <suite started-at="2023-11-24T09:13:09Z" name="Default suite" finished-at="2023-11-24T09:15:07Z" duration-ms="117603">
    <groups>
    </groups>
    <test started-at="2023-11-24T09:13:09Z" name="Default test" finished-at="2023-11-24T09:15:07Z" duration-ms="117603">
      <class name="testCases.AmazonTest">
        <test-method is-config="true" signature="driverSetUp()[pri:0, instance:testCases.AmazonTest@17f9d882]" started-at="2023-11-24T09:13:08Z" name="driverSetUp" finished-at="2023-11-24T09:13:09Z" duration-ms="811" status="PASS">
          <reporter-output>
          </reporter-output>
        </test-method> <!-- driverSetUp -->
        <test-method signature="testGetTotalResultForEveryPage()[pri:0, instance:testCases.AmazonTest@17f9d882]" started-at="2023-11-24T09:13:09Z" name="testGetTotalResultForEveryPage" finished-at="2023-11-24T09:15:07Z" duration-ms="117591" status="PASS">
          <reporter-output>
          </reporter-output>
        </test-method> <!-- testGetTotalResultForEveryPage -->
        <test-method is-config="true" signature="driverClose()[pri:0, instance:testCases.AmazonTest@17f9d882]" started-at="2023-11-24T09:15:07Z" name="driverClose" finished-at="2023-11-24T09:15:07Z" duration-ms="83" status="PASS">
          <reporter-output>
          </reporter-output>
        </test-method> <!-- driverClose -->
      </class> <!-- testCases.AmazonTest -->
    </test> <!-- Default test -->
  </suite> <!-- Default suite -->
</testng-results>
